android/app/build/intermediates/manifest_merge_blame_file/debug/manifest-merger-blame-debug-report.txt
1<?xml version="1.0" encoding="utf-8"?>
2<manifest xmlns:android="http://schemas.android.com/apk/res/android"
3    package="com.purchase_list"
4    android:versionCode="1"
5    android:versionName="1.0" >
6
7    <uses-sdk
8        android:minSdkVersion="16"
9        android:targetSdkVersion="28" />
10
11    <uses-permission android:name="android.permission.SYSTEM_ALERT_WINDOW" />
11-->src/main/AndroidManifest.xml:7:5-77
11-->src/main/AndroidManifest.xml:7:22-75
12    <uses-permission android:name="android.permission.INTERNET" />
12-->src/main/AndroidManifest.xml:4:5-67
12-->src/main/AndroidManifest.xml:4:22-64
13    <uses-permission android:name="android.permission.RECEIVE_BOOT_COMPLETED" />
13-->src/main/AndroidManifest.xml:5:5-81
13-->src/main/AndroidManifest.xml:5:22-78
14    <uses-permission android:name="android.permission.VIBRATE" />
14-->src/main/AndroidManifest.xml:6:5-66
14-->src/main/AndroidManifest.xml:6:22-63
15    <uses-permission android:name="android.permission.WRITE_EXTERNAL_STORAGE" />
15-->src/main/AndroidManifest.xml:8:5-81
15-->src/main/AndroidManifest.xml:8:22-78
16    <uses-permission android:name="android.permission.ACCESS_WIFI_STATE" />
16-->[com.facebook.flipper:flipper:0.33.1] AndroidManifest.xml:16:5-76
16-->[com.facebook.flipper:flipper:0.33.1] AndroidManifest.xml:16:22-73
17
18    <application
18-->src/main/AndroidManifest.xml:10:5-29:19
19        android:name="com.purchase_list.MainApplication"
19-->src/main/AndroidManifest.xml:11:7-38
20        android:allowBackup="false"
20-->src/main/AndroidManifest.xml:15:7-34
21        android:appComponentFactory="androidx.core.app.CoreComponentFactory"
21-->[androidx.core:core:1.1.0] AndroidManifest.xml:24:18-86
22        android:debuggable="true"
23        android:icon="@mipmap/ic_launcher"
23-->src/main/AndroidManifest.xml:13:7-41
24        android:label="@string/app_name"
24-->src/main/AndroidManifest.xml:12:7-39
25        android:roundIcon="@mipmap/ic_launcher_round"
25-->src/main/AndroidManifest.xml:14:7-52
26        android:theme="@style/AppTheme"
26-->src/main/AndroidManifest.xml:16:7-38
27        android:usesCleartextTraffic="true" >
27-->src/debug/AndroidManifest.xml:7:18-53
28        <activity
28-->src/main/AndroidManifest.xml:17:7-27:18
29            android:name="com.purchase_list.MainActivity"
29-->src/main/AndroidManifest.xml:18:9-37
30            android:configChanges="keyboard|keyboardHidden|orientation|screenSize|uiMode"
30-->src/main/AndroidManifest.xml:20:9-86
31            android:label="@string/app_name"
31-->src/main/AndroidManifest.xml:19:9-41
32            android:launchMode="singleTask"
32-->src/main/AndroidManifest.xml:21:8-39
33            android:windowSoftInputMode="adjustResize" >
33-->src/main/AndroidManifest.xml:22:9-51
34            <intent-filter>
34-->src/main/AndroidManifest.xml:23:9-26:25
35                <action android:name="android.intent.action.MAIN" />
35-->src/main/AndroidManifest.xml:24:13-65
35-->src/main/AndroidManifest.xml:24:21-62
36
37                <category android:name="android.intent.category.LAUNCHER" />
37-->src/main/AndroidManifest.xml:25:13-73
37-->src/main/AndroidManifest.xml:25:23-70
38            </intent-filter>
39        </activity>
40        <activity android:name="com.facebook.react.devsupport.DevSettingsActivity" />
40-->src/main/AndroidManifest.xml:28:7-84
40-->src/main/AndroidManifest.xml:28:17-81
41    </application>
42
43</manifest>